<?xml version="1.0" encoding="UTF-8"?>
<testng-results ignored="0" total="1" passed="1" failed="0" skipped="0">
  <reporter-output>
  </reporter-output>
  <suite started-at="2023-05-27T15:32:36 IST" name="Default suite" finished-at="2023-05-27T15:32:37 IST" duration-ms="282">
    <groups>
    </groups>
    <test started-at="2023-05-27T15:32:36 IST" name="Default test" finished-at="2023-05-27T15:32:37 IST" duration-ms="282">
      <class name="qsp.Repotes">
        <test-method signature="test1()[pri:0, instance:qsp.Repotes@66498326]" started-at="2023-05-27T15:32:36 IST" name="test1" finished-at="2023-05-27T15:32:36 IST" duration-ms="258" status="PASS">
          <reporter-output>
          </reporter-output>
        </test-method> <!-- test1 -->
      </class> <!-- qsp.Repotes -->
    </test> <!-- Default test -->
  </suite> <!-- Default suite -->
</testng-results>
